<?xml version="1.0" encoding="UTF-8"?>
<coverage generated="1556161199672" clover="3.2.0">
  <project timestamp="1556161199672" name="All files">
    <metrics statements="1" coveredstatements="1" conditionals="0" coveredconditionals="0" methods="1" coveredmethods="0" elements="2" coveredelements="1" complexity="0" loc="1" ncloc="1" packages="1" files="1" classes="1"/>
    <file name="sum.js" path="/root/Desenvolvimento/curso-react-ninja/jest/sum.js">
      <metrics statements="1" coveredstatements="1" conditionals="0" coveredconditionals="0" methods="1" coveredmethods="0"/>
      <line num="1" count="1" type="stmt"/>
    </file>
  </project>
</coverage>
