<?xml version="1.0" encoding="UTF-8"?>
<coverage generated="1557170279948" clover="3.2.0">
  <project timestamp="1557170279948" name="All files">
    <metrics statements="4" coveredstatements="4" conditionals="4" coveredconditionals="4" methods="3" coveredmethods="2" elements="11" coveredelements="10" complexity="0" loc="4" ncloc="4" packages="1" files="1" classes="1">
      <file name="map-recursive.js" path="C:\root\Desenvolvimento\curso-react-ninja\jest\src\map\map-recursive.js">
        <metrics statements="4" coveredstatements="4" conditionals="4" coveredconditionals="4" methods="3" coveredmethods="2"/>
        <line num="2" count="1" type="cond" truecount="2" falsecount="0"/>
        <line num="3" count="7" type="stmt"/>
        <line num="4" count="19" type="stmt"/>
        <line num="5" count="19" type="cond" truecount="2" falsecount="0"/>
      </file>
    </metrics>
  </project>
</coverage>
