{"C:\\root\\Desenvolvimento\\curso-react-ninja\\jest\\src\\map\\map-recursive.js": {"path":"C:\\root\\Desenvolvimento\\curso-react-ninja\\jest\\src\\map\\map-recursive.js","statementMap":{"0":{"start":{"line":2,"column":15},"end":{"line":2,"column":16}},"1":{"start":{"line":3,"column":12},"end":{"line":11,"column":1}},"2":{"start":{"line":3,"column":40},"end":{"line":3,"column":44}},"3":{"start":{"line":4,"column":4},"end":{"line":7,"column":5}},"4":{"start":{"line":5,"column":8},"end":{"line":5,"column":19}},"5":{"start":{"line":6,"column":8},"end":{"line":6,"column":17}},"6":{"start":{"line":9,"column":28},"end":{"line":9,"column":31}},"7":{"start":{"line":10,"column":4},"end":{"line":10,"column":59}}},"fnMap":{"0":{"name":"(anonymous_0)","decl":{"start":{"line":3,"column":12},"end":{"line":3,"column":13}},"loc":{"start":{"line":3,"column":49},"end":{"line":11,"column":1}},"line":3},"1":{"name":"(anonymous_1)","decl":{"start":{"line":3,"column":30},"end":{"line":3,"column":31}},"loc":{"start":{"line":3,"column":40},"end":{"line":3,"column":44}},"line":3}},"branchMap":{"0":{"loc":{"start":{"line":3,"column":13},"end":{"line":3,"column":21}},"type":"default-arg","locations":[{"start":{"line":3,"column":19},"end":{"line":3,"column":21}}],"line":3},"1":{"loc":{"start":{"line":3,"column":23},"end":{"line":3,"column":44}},"type":"default-arg","locations":[{"start":{"line":3,"column":30},"end":{"line":3,"column":44}}],"line":3},"2":{"loc":{"start":{"line":4,"column":4},"end":{"line":7,"column":5}},"type":"if","locations":[{"start":{"line":4,"column":4},"end":{"line":7,"column":5}},{"start":{"line":4,"column":4},"end":{"line":7,"column":5}}],"line":4}},"s":{"0":1,"1":1,"2":0,"3":19,"4":7,"5":7,"6":12,"7":12},"f":{"0":19,"1":0},"b":{"0":[1],"1":[1],"2":[7,12]},"_coverageSchema":"332fd63041d2c1bcb487cc26dd0d5f7d97098a6c","hash":"79ba6d2cc902f363c1e679f5fd6e66005648637d"}
,"C:\\root\\Desenvolvimento\\curso-react-ninja\\jest\\src\\map\\map.js": {"path":"C:\\root\\Desenvolvimento\\curso-react-ninja\\jest\\src\\map\\map.js","statementMap":{"0":{"start":{"line":3,"column":12},"end":{"line":10,"column":1}},"1":{"start":{"line":3,"column":40},"end":{"line":3,"column":44}},"2":{"start":{"line":4,"column":17},"end":{"line":4,"column":19}},"3":{"start":{"line":6,"column":4},"end":{"line":7,"column":41}},"4":{"start":{"line":7,"column":8},"end":{"line":7,"column":41}},"5":{"start":{"line":9,"column":4},"end":{"line":9,"column":17}}},"fnMap":{"0":{"name":"(anonymous_0)","decl":{"start":{"line":3,"column":12},"end":{"line":3,"column":13}},"loc":{"start":{"line":3,"column":49},"end":{"line":10,"column":1}},"line":3},"1":{"name":"(anonymous_1)","decl":{"start":{"line":3,"column":30},"end":{"line":3,"column":31}},"loc":{"start":{"line":3,"column":40},"end":{"line":3,"column":44}},"line":3}},"branchMap":{"0":{"loc":{"start":{"line":3,"column":13},"end":{"line":3,"column":21}},"type":"default-arg","locations":[{"start":{"line":3,"column":19},"end":{"line":3,"column":21}}],"line":3},"1":{"loc":{"start":{"line":3,"column":23},"end":{"line":3,"column":44}},"type":"default-arg","locations":[{"start":{"line":3,"column":30},"end":{"line":3,"column":44}}],"line":3}},"s":{"0":1,"1":0,"2":7,"3":7,"4":12,"5":7},"f":{"0":7,"1":0},"b":{"0":[1],"1":[1]},"_coverageSchema":"332fd63041d2c1bcb487cc26dd0d5f7d97098a6c","hash":"7fdb8cd335ca3f66f8be113fbade76938c910670"}
}
