TN:
SF:C:\root\Desenvolvimento\curso-react-ninja\jest\src\map\map-recursive.js
FN:3,(anonymous_0)
FN:3,(anonymous_1)
FNF:2
FNH:1
FNDA:19,(anonymous_0)
FNDA:0,(anonymous_1)
DA:2,1
DA:3,1
DA:4,19
DA:5,7
DA:6,7
DA:9,12
DA:10,12
LF:7
LH:7
BRDA:3,0,0,1
BRDA:3,1,0,1
BRDA:4,2,0,7
BRDA:4,2,1,12
BRF:4
BRH:4
end_of_record
TN:
SF:C:\root\Desenvolvimento\curso-react-ninja\jest\src\map\map.js
FN:3,(anonymous_0)
FN:3,(anonymous_1)
FNF:2
FNH:1
FNDA:7,(anonymous_0)
FNDA:0,(anonymous_1)
DA:3,1
DA:4,7
DA:6,7
DA:7,12
DA:9,7
LF:5
LH:5
BRDA:3,0,0,1
BRDA:3,1,0,1
BRF:2
BRH:2
end_of_record
